2016-11-08 11:17:44,672 [Worker-1] DEBUG class java.lang.Class - Starting Andmore Common Plugin...
2016-11-08 11:17:44,672 [Worker-1] DEBUG class java.lang.Class - Andmore Common Plugin started.
2016-11-08 11:17:44,672 [Worker-1] DEBUG class java.lang.Class - Starting Andmore Plugin...
2016-11-08 11:17:44,675 [Worker-1] DEBUG class java.lang.Class - Andmore Plugin started.
2016-11-08 11:17:45,190 [Worker-0] DEBUG class org.eclipse.andmore.android.AndroidPlugin - Notify SDK loader listeners
2016-11-08 11:17:45,191 [Worker-2] DEBUG class org.eclipse.andmore.android.AndroidPlugin - Notify SDK loader listeners
2016-11-08 11:17:46,186 [Device List Monitor] DEBUG Studio for Android - Device connected: emulator-5554
2016-11-08 11:17:46,186 [Device List Monitor] DEBUG Studio for Android - Device connected: emulator-5554
2016-11-08 11:17:46,208 [Worker-1] DEBUG class java.lang.Class - Starting Andmore Emulator Plugin...
2016-11-08 11:17:47,029 [Worker-1] DEBUG class java.lang.Class - Starting Andmore Handset Plugin...
2016-11-08 11:17:47,031 [Worker-1] DEBUG class java.lang.Class - Andmore Handset Plugin started.
2016-11-08 11:17:47,042 [Worker-1] DEBUG class java.lang.Class - Starting Andmore Remote Device Plugin...
2016-11-08 11:17:47,045 [Worker-1] DEBUG class java.lang.Class - Starting Andmore Remote Device Plugin started.
2016-11-08 11:17:47,060 [Worker-1] DEBUG class java.lang.Class - Starting Andmore Device Services Plugin...
2016-11-08 11:17:47,060 [Worker-1] DEBUG class java.lang.Class - Andmore Device Services Plugin started.
2016-11-08 11:17:47,134 [Instance Event Manager] INFO  Studio for Android - The android device instance status was updated: Nexus_5_API_21 Status: OFF
2016-11-08 11:17:47,136 [Instance Event Manager] INFO  Studio for Android - The android device instance status was updated: Nexus_6_API_24 Status: OFF
2016-11-08 11:17:47,136 [Instance Event Manager] INFO  Studio for Android - The android device instance status was updated: Nexus_6P_API_24 Status: OFF
2016-11-08 11:17:47,137 [Instance Event Manager] INFO  Studio for Android - The android device instance status was updated: Nexus_5_API_23 Status: OFF
2016-11-08 11:17:47,142 [Instance Event Manager] INFO  Studio for Android - The android device instance status was updated: Nexus_5_API_21 Status: org.eclipse.andmore.android.emulator.status.notavailable
2016-11-08 11:17:47,142 [Instance Event Manager] INFO  Studio for Android - The android device instance status was updated: Nexus_6_API_24 Status: org.eclipse.andmore.android.emulator.status.notavailable
2016-11-08 11:17:47,142 [Instance Event Manager] INFO  Studio for Android - The android device instance status was updated: Nexus_6P_API_24 Status: org.eclipse.andmore.android.emulator.status.notavailable
2016-11-08 11:17:47,142 [Instance Event Manager] INFO  Studio for Android - The android device instance status was updated: Nexus_5_API_23 Status: org.eclipse.andmore.android.emulator.status.notavailable
2016-11-08 11:17:47,763 [main] ERROR Studio for Android - Handler could not be instanced(PLUGIN=org.eclipse.sequoyah.device.framework;ERROR=202)
2016-11-08 11:17:47,764 [main] ERROR Studio for Android - Handler could not be instanced(PLUGIN=org.eclipse.sequoyah.device.framework;ERROR=202)
2016-11-08 11:17:47,764 [main] ERROR Studio for Android - Handler could not be instanced(PLUGIN=org.eclipse.sequoyah.device.framework;ERROR=202)
2016-11-08 11:17:47,764 [main] ERROR Studio for Android - Handler could not be instanced(PLUGIN=org.eclipse.sequoyah.device.framework;ERROR=202)
2016-11-08 11:17:47,764 [main] ERROR Studio for Android - Handler could not be instanced(PLUGIN=org.eclipse.sequoyah.device.framework;ERROR=202)
2016-11-08 11:17:47,765 [main] ERROR Studio for Android - Handler could not be instanced(PLUGIN=org.eclipse.sequoyah.device.framework;ERROR=202)
2016-11-08 11:17:47,765 [main] ERROR Studio for Android - Handler could not be instanced(PLUGIN=org.eclipse.sequoyah.device.framework;ERROR=202)
2016-11-08 11:17:47,765 [main] ERROR Studio for Android - Handler could not be instanced(PLUGIN=org.eclipse.sequoyah.device.framework;ERROR=202)
2016-11-08 11:17:47,765 [main] ERROR Studio for Android - Handler could not be instanced(PLUGIN=org.eclipse.sequoyah.device.framework;ERROR=202)
2016-11-08 11:17:47,766 [main] ERROR Studio for Android - Handler could not be instanced(PLUGIN=org.eclipse.sequoyah.device.framework;ERROR=202)
2016-11-08 11:17:47,766 [main] ERROR Studio for Android - Handler could not be instanced(PLUGIN=org.eclipse.sequoyah.device.framework;ERROR=202)
2016-11-08 11:17:47,766 [main] ERROR Studio for Android - Handler could not be instanced(PLUGIN=org.eclipse.sequoyah.device.framework;ERROR=202)
2016-11-08 11:17:47,766 [main] ERROR Studio for Android - Handler could not be instanced(PLUGIN=org.eclipse.sequoyah.device.framework;ERROR=202)
2016-11-08 11:17:47,766 [main] ERROR Studio for Android - Handler could not be instanced(PLUGIN=org.eclipse.sequoyah.device.framework;ERROR=202)
2016-11-08 11:17:47,766 [main] ERROR Studio for Android - Handler could not be instanced(PLUGIN=org.eclipse.sequoyah.device.framework;ERROR=202)
2016-11-08 11:17:47,767 [main] ERROR Studio for Android - Handler could not be instanced(PLUGIN=org.eclipse.sequoyah.device.framework;ERROR=202)
2016-11-08 11:17:47,767 [main] ERROR Studio for Android - Handler could not be instanced(PLUGIN=org.eclipse.sequoyah.device.framework;ERROR=202)
2016-11-08 11:17:47,767 [main] ERROR Studio for Android - Handler could not be instanced(PLUGIN=org.eclipse.sequoyah.device.framework;ERROR=202)
2016-11-08 11:17:47,767 [main] ERROR Studio for Android - Handler could not be instanced(PLUGIN=org.eclipse.sequoyah.device.framework;ERROR=202)
2016-11-08 11:17:47,767 [main] ERROR Studio for Android - Handler could not be instanced(PLUGIN=org.eclipse.sequoyah.device.framework;ERROR=202)
2016-11-08 11:17:53,279 [Instance Event Manager] INFO  Studio for Android - The android device instance status was updated: Nexus_5_API_21 Status: org.eclipse.andmore.android.emulator.status.offline
2016-11-08 11:17:53,408 [Worker-1] DEBUG class java.lang.Class - Andmore Emulator Plugin started.
2016-11-08 11:17:53,493 [main] DEBUG class java.lang.Class - Starting DDMS facade using listener...
2016-11-08 11:17:53,499 [main] DEBUG class java.lang.Class - DDMS facade started using listener.
2016-11-08 11:17:56,830 [Instance Event Manager] INFO  Studio for Android - The android device instance status was updated: Nexus_5_API_23 Status: org.eclipse.andmore.android.emulator.status.offline
2016-11-08 11:18:08,323 [Worker-1] INFO  Studio for Android - [Status: id=org.eclipse.andmore.android.emulator.status.offline;name=Offline]
2016-11-08 11:18:08,323 [Worker-1] INFO  Studio for Android - [Status: id=org.eclipse.andmore.android.handset.status.handsetonline;name=Online]
2016-11-08 11:18:08,323 [Worker-1] INFO  Studio for Android - [Status: id=INACTIVE;name=INACTIVE]
2016-11-08 11:18:08,324 [Worker-1] INFO  Studio for Android - [Status: id=org.eclipse.andmore.android.emulator.status.notavailable;name=Not available]
2016-11-08 11:18:08,324 [Worker-1] INFO  Studio for Android - [Status: id=IDLE;name=IDLE]
2016-11-08 11:18:08,324 [Worker-1] INFO  Studio for Android - [Status: id=org.eclipse.andmore.android.remote.status.connected;name=Connected]
2016-11-08 11:18:08,324 [Worker-1] INFO  Studio for Android - [Status: id=org.eclipse.andmore.android.remote.status.disconnected;name=Disconnected]
2016-11-08 11:18:08,324 [Worker-1] INFO  Studio for Android - [Status: id=org.eclipse.andmore.android.emulator.status.online;name=Online]
2016-11-08 11:18:08,324 [Worker-1] INFO  Studio for Android - [Status: id=OFF;name=OFF]
2016-11-08 11:18:08,324 [Worker-1] INFO  Studio for Android - [Status: id=org.eclipse.andmore.android.emulator.status.offlineNoData;name=Offline (no user data)]
2016-11-08 11:23:26,259 [main] DEBUG class java.lang.Class - Starting Eclipse Andmore Database Core Plugin...
2016-11-08 11:23:26,304 [main] DEBUG Studio for Android - JDBC Driver Location:bundleentry://69.fwk348100441/res/androidjdbc.jar JDBC Driver getBundle().getLocation():reference:file:plugins/org.eclipse.andmore.android.common_0.5.0.201605181018.jar
2016-11-08 11:23:26,325 [main] DEBUG Studio for Android - JDBC Driver Path:/Users/AviPriya/.eclipse/org.eclipse.platform_4.7.0_855441236_macosx_cocoa_x86_64/configuration/org.eclipse.osgi/69/0/.cp/res/androidjdbc.jar
2016-11-08 11:23:26,326 [main] DEBUG Studio for Android - JDBC Driver Location:bundleentry://69.fwk348100441/res/androidjdbc.jar JDBC Driver getBundle().getLocation():reference:file:plugins/org.eclipse.andmore.android.common_0.5.0.201605181018.jar
2016-11-08 11:23:26,326 [main] DEBUG Studio for Android - JDBC Driver Path:/Users/AviPriya/.eclipse/org.eclipse.platform_4.7.0_855441236_macosx_cocoa_x86_64/configuration/org.eclipse.osgi/69/0/.cp/res/androidjdbc.jar
2016-11-08 11:23:26,338 [main] INFO  Studio for Android - Created a JDBC driver instance at Data Tools.
2016-11-08 11:23:26,347 [main] DEBUG class java.lang.Class - Eclipse Andmore Database Core Plugin started.
2016-11-08 11:23:26,347 [main] DEBUG class java.lang.Class - Starting Eclipse Andmore Database Devices Support Plugin...
2016-11-08 11:23:26,350 [main] DEBUG class java.lang.Class - Eclipse Andmore Database Devices Support Plugin started...
2016-11-08 11:23:27,310 [Framework stop] DEBUG Studio for Android - org.eclipse.sequoyah.device.service.start.StartServicePlugin-SHUTDOWN
2016-11-08 11:23:27,339 [Framework stop] DEBUG Studio for Android - org.eclipse.sequoyah.device.framework.ui.DeviceUIPlugin-SHUTDOWN
2016-11-08 11:23:27,339 [Framework stop] DEBUG Studio for Android - org.eclipse.sequoyah.device.service.stop.StopServicePlugin-SHUTDOWN
2016-11-08 11:23:27,339 [Framework stop] DEBUG Studio for Android - org.eclipse.sequoyah.device.framework.DevicePlugin-SHUTDOWN
2016-11-08 11:24:39,831 [Worker-1] DEBUG class java.lang.Class - Starting Andmore Common Plugin...
2016-11-08 11:24:39,832 [Worker-1] DEBUG class java.lang.Class - Andmore Common Plugin started.
2016-11-08 11:24:39,832 [Worker-1] DEBUG class java.lang.Class - Starting Andmore Plugin...
2016-11-08 11:24:39,842 [Worker-1] DEBUG class java.lang.Class - Andmore Plugin started.
2016-11-08 11:24:39,878 [Worker-1] DEBUG class java.lang.Class - Starting Andmore Emulator Plugin...
2016-11-08 11:24:39,925 [Worker-1] DEBUG class java.lang.Class - Andmore Emulator Plugin started.
2016-11-08 11:24:39,957 [Worker-1] DEBUG class java.lang.Class - Starting Andmore Handset Plugin...
2016-11-08 11:24:39,958 [Worker-1] DEBUG class java.lang.Class - Andmore Handset Plugin started.
2016-11-08 11:24:39,963 [Worker-1] DEBUG class java.lang.Class - Starting Andmore Remote Device Plugin...
2016-11-08 11:24:39,964 [Worker-1] DEBUG class java.lang.Class - Starting Andmore Remote Device Plugin started.
2016-11-08 11:24:39,992 [Worker-1] DEBUG class java.lang.Class - Starting Andmore Device Services Plugin...
2016-11-08 11:24:39,993 [Worker-1] DEBUG class java.lang.Class - Andmore Device Services Plugin started.
2016-11-08 11:24:40,034 [Instance Event Manager] INFO  Studio for Android - The android device instance status was updated: Nexus_5_API_21 Status: OFF
2016-11-08 11:24:40,036 [Instance Event Manager] INFO  Studio for Android - The android device instance status was updated: Nexus_6_API_24 Status: OFF
2016-11-08 11:24:40,037 [Instance Event Manager] INFO  Studio for Android - The android device instance status was updated: Nexus_6P_API_24 Status: OFF
2016-11-08 11:24:40,038 [Instance Event Manager] INFO  Studio for Android - The android device instance status was updated: Nexus_5_API_23 Status: OFF
2016-11-08 11:24:40,043 [Instance Event Manager] INFO  Studio for Android - The android device instance status was updated: Nexus_5_API_21 Status: org.eclipse.andmore.android.emulator.status.notavailable
2016-11-08 11:24:40,043 [Instance Event Manager] INFO  Studio for Android - The android device instance status was updated: Nexus_6_API_24 Status: org.eclipse.andmore.android.emulator.status.notavailable
2016-11-08 11:24:40,043 [Instance Event Manager] INFO  Studio for Android - The android device instance status was updated: Nexus_6P_API_24 Status: org.eclipse.andmore.android.emulator.status.notavailable
2016-11-08 11:24:40,043 [Instance Event Manager] INFO  Studio for Android - The android device instance status was updated: Nexus_5_API_23 Status: org.eclipse.andmore.android.emulator.status.notavailable
2016-11-08 11:24:41,865 [Worker-3] DEBUG class org.eclipse.andmore.android.AndroidPlugin - Notify SDK loader listeners
2016-11-08 11:24:42,491 [Instance Event Manager] INFO  Studio for Android - The android device instance status was updated: Nexus_5_API_21 Status: org.eclipse.andmore.android.emulator.status.offline
2016-11-08 11:24:42,493 [Instance Event Manager] INFO  Studio for Android - The android device instance status was updated: Nexus_5_API_23 Status: org.eclipse.andmore.android.emulator.status.offline
2016-11-08 11:24:42,853 [Worker-1] ERROR Studio for Android - Handler could not be instanced(PLUGIN=org.eclipse.sequoyah.device.framework;ERROR=202)
2016-11-08 11:24:42,853 [Worker-1] ERROR Studio for Android - Handler could not be instanced(PLUGIN=org.eclipse.sequoyah.device.framework;ERROR=202)
2016-11-08 11:24:42,854 [Worker-1] ERROR Studio for Android - Handler could not be instanced(PLUGIN=org.eclipse.sequoyah.device.framework;ERROR=202)
2016-11-08 11:24:42,854 [Worker-1] ERROR Studio for Android - Handler could not be instanced(PLUGIN=org.eclipse.sequoyah.device.framework;ERROR=202)
2016-11-08 11:24:42,854 [Worker-1] ERROR Studio for Android - Handler could not be instanced(PLUGIN=org.eclipse.sequoyah.device.framework;ERROR=202)
2016-11-08 11:24:42,854 [Worker-1] ERROR Studio for Android - Handler could not be instanced(PLUGIN=org.eclipse.sequoyah.device.framework;ERROR=202)
2016-11-08 11:24:42,854 [Worker-1] ERROR Studio for Android - Handler could not be instanced(PLUGIN=org.eclipse.sequoyah.device.framework;ERROR=202)
2016-11-08 11:24:42,854 [Worker-1] ERROR Studio for Android - Handler could not be instanced(PLUGIN=org.eclipse.sequoyah.device.framework;ERROR=202)
2016-11-08 11:24:42,854 [Worker-1] ERROR Studio for Android - Handler could not be instanced(PLUGIN=org.eclipse.sequoyah.device.framework;ERROR=202)
2016-11-08 11:24:42,854 [Worker-1] ERROR Studio for Android - Handler could not be instanced(PLUGIN=org.eclipse.sequoyah.device.framework;ERROR=202)
2016-11-08 11:24:42,854 [Worker-1] ERROR Studio for Android - Handler could not be instanced(PLUGIN=org.eclipse.sequoyah.device.framework;ERROR=202)
2016-11-08 11:24:42,855 [Worker-1] ERROR Studio for Android - Handler could not be instanced(PLUGIN=org.eclipse.sequoyah.device.framework;ERROR=202)
2016-11-08 11:24:42,855 [Worker-1] ERROR Studio for Android - Handler could not be instanced(PLUGIN=org.eclipse.sequoyah.device.framework;ERROR=202)
2016-11-08 11:24:42,855 [Worker-1] ERROR Studio for Android - Handler could not be instanced(PLUGIN=org.eclipse.sequoyah.device.framework;ERROR=202)
2016-11-08 11:24:42,855 [Worker-1] ERROR Studio for Android - Handler could not be instanced(PLUGIN=org.eclipse.sequoyah.device.framework;ERROR=202)
2016-11-08 11:24:42,855 [Worker-1] ERROR Studio for Android - Handler could not be instanced(PLUGIN=org.eclipse.sequoyah.device.framework;ERROR=202)
2016-11-08 11:24:42,855 [Worker-1] ERROR Studio for Android - Handler could not be instanced(PLUGIN=org.eclipse.sequoyah.device.framework;ERROR=202)
2016-11-08 11:24:42,855 [Worker-1] ERROR Studio for Android - Handler could not be instanced(PLUGIN=org.eclipse.sequoyah.device.framework;ERROR=202)
2016-11-08 11:24:42,855 [Worker-1] ERROR Studio for Android - Handler could not be instanced(PLUGIN=org.eclipse.sequoyah.device.framework;ERROR=202)
2016-11-08 11:24:42,855 [Worker-1] ERROR Studio for Android - Handler could not be instanced(PLUGIN=org.eclipse.sequoyah.device.framework;ERROR=202)
2016-11-08 11:24:42,856 [Worker-1] ERROR Studio for Android - Handler could not be instanced(PLUGIN=org.eclipse.sequoyah.device.framework;ERROR=202)
2016-11-08 11:24:42,856 [Worker-1] ERROR Studio for Android - Handler could not be instanced(PLUGIN=org.eclipse.sequoyah.device.framework;ERROR=202)
2016-11-08 11:24:42,856 [Worker-1] ERROR Studio for Android - Handler could not be instanced(PLUGIN=org.eclipse.sequoyah.device.framework;ERROR=202)
2016-11-08 11:24:42,856 [Worker-1] ERROR Studio for Android - Handler could not be instanced(PLUGIN=org.eclipse.sequoyah.device.framework;ERROR=202)
2016-11-08 11:24:42,856 [Worker-1] ERROR Studio for Android - Handler could not be instanced(PLUGIN=org.eclipse.sequoyah.device.framework;ERROR=202)
2016-11-08 11:24:42,856 [Worker-1] ERROR Studio for Android - Handler could not be instanced(PLUGIN=org.eclipse.sequoyah.device.framework;ERROR=202)
2016-11-08 11:24:42,856 [Worker-1] ERROR Studio for Android - Handler could not be instanced(PLUGIN=org.eclipse.sequoyah.device.framework;ERROR=202)
2016-11-08 11:24:42,856 [Worker-1] ERROR Studio for Android - Handler could not be instanced(PLUGIN=org.eclipse.sequoyah.device.framework;ERROR=202)
2016-11-08 11:24:42,856 [Worker-1] ERROR Studio for Android - Handler could not be instanced(PLUGIN=org.eclipse.sequoyah.device.framework;ERROR=202)
2016-11-08 11:24:42,856 [Worker-1] ERROR Studio for Android - Handler could not be instanced(PLUGIN=org.eclipse.sequoyah.device.framework;ERROR=202)
2016-11-08 11:24:42,857 [Worker-1] INFO  Studio for Android - [Status: id=org.eclipse.andmore.android.emulator.status.offline;name=Offline]
2016-11-08 11:24:42,857 [Worker-1] INFO  Studio for Android - [Status: id=org.eclipse.andmore.android.handset.status.handsetonline;name=Online]
2016-11-08 11:24:42,857 [Worker-1] INFO  Studio for Android - [Status: id=INACTIVE;name=INACTIVE]
2016-11-08 11:24:42,857 [Worker-1] INFO  Studio for Android - [Status: id=org.eclipse.andmore.android.emulator.status.notavailable;name=Not available]
2016-11-08 11:24:42,857 [Worker-1] INFO  Studio for Android - [Status: id=IDLE;name=IDLE]
2016-11-08 11:24:42,857 [Worker-1] INFO  Studio for Android - [Status: id=org.eclipse.andmore.android.remote.status.connected;name=Connected]
2016-11-08 11:24:42,857 [Worker-1] INFO  Studio for Android - [Status: id=org.eclipse.andmore.android.remote.status.disconnected;name=Disconnected]
2016-11-08 11:24:42,857 [Worker-1] INFO  Studio for Android - [Status: id=org.eclipse.andmore.android.emulator.status.online;name=Online]
2016-11-08 11:24:42,857 [Worker-1] INFO  Studio for Android - [Status: id=OFF;name=OFF]
2016-11-08 11:24:42,857 [Worker-1] INFO  Studio for Android - [Status: id=org.eclipse.andmore.android.emulator.status.offlineNoData;name=Offline (no user data)]
2016-11-08 11:27:43,517 [main] DEBUG class java.lang.Class - Starting Eclipse Andmore Database Core Plugin...
2016-11-08 11:27:43,553 [main] DEBUG Studio for Android - JDBC Driver Location:bundleentry://69.fwk280862192/res/androidjdbc.jar JDBC Driver getBundle().getLocation():reference:file:plugins/org.eclipse.andmore.android.common_0.5.0.201605181018.jar
2016-11-08 11:27:43,553 [main] DEBUG Studio for Android - JDBC Driver Path:/Users/AviPriya/.eclipse/org.eclipse.platform_4.7.0_855441236_macosx_cocoa_x86_64/configuration/org.eclipse.osgi/69/0/.cp/res/androidjdbc.jar
2016-11-08 11:27:43,553 [main] DEBUG Studio for Android - JDBC Driver Location:bundleentry://69.fwk280862192/res/androidjdbc.jar JDBC Driver getBundle().getLocation():reference:file:plugins/org.eclipse.andmore.android.common_0.5.0.201605181018.jar
2016-11-08 11:27:43,553 [main] DEBUG Studio for Android - JDBC Driver Path:/Users/AviPriya/.eclipse/org.eclipse.platform_4.7.0_855441236_macosx_cocoa_x86_64/configuration/org.eclipse.osgi/69/0/.cp/res/androidjdbc.jar
2016-11-08 11:27:43,559 [main] DEBUG class java.lang.Class - Eclipse Andmore Database Core Plugin started.
2016-11-08 11:27:43,560 [main] DEBUG class java.lang.Class - Starting Eclipse Andmore Database Devices Support Plugin...
2016-11-08 11:27:43,562 [main] DEBUG class java.lang.Class - Eclipse Andmore Database Devices Support Plugin started...
2016-11-08 11:27:44,663 [Framework stop] DEBUG Studio for Android - org.eclipse.sequoyah.device.service.start.StartServicePlugin-SHUTDOWN
2016-11-08 11:27:44,678 [Framework stop] DEBUG Studio for Android - org.eclipse.sequoyah.device.framework.ui.DeviceUIPlugin-SHUTDOWN
2016-11-08 11:27:44,679 [Framework stop] DEBUG Studio for Android - org.eclipse.sequoyah.device.service.stop.StopServicePlugin-SHUTDOWN
2016-11-08 11:27:44,681 [Framework stop] DEBUG Studio for Android - org.eclipse.sequoyah.device.framework.DevicePlugin-SHUTDOWN
2016-11-08 11:29:42,615 [Worker-1] DEBUG class java.lang.Class - Starting Andmore Common Plugin...
2016-11-08 11:29:42,616 [Worker-1] DEBUG class java.lang.Class - Andmore Common Plugin started.
2016-11-08 11:29:42,617 [Worker-1] DEBUG class java.lang.Class - Starting Andmore Plugin...
2016-11-08 11:29:42,621 [Worker-1] DEBUG class java.lang.Class - Andmore Plugin started.
2016-11-08 11:29:42,652 [Worker-1] DEBUG class java.lang.Class - Starting Andmore Emulator Plugin...
2016-11-08 11:29:42,672 [Worker-1] DEBUG class java.lang.Class - Andmore Emulator Plugin started.
2016-11-08 11:29:42,709 [Worker-1] DEBUG class java.lang.Class - Starting Andmore Handset Plugin...
2016-11-08 11:29:42,710 [Worker-1] DEBUG class java.lang.Class - Andmore Handset Plugin started.
2016-11-08 11:29:42,715 [Worker-1] DEBUG class java.lang.Class - Starting Andmore Remote Device Plugin...
2016-11-08 11:29:42,716 [Worker-1] DEBUG class java.lang.Class - Starting Andmore Remote Device Plugin started.
2016-11-08 11:29:42,729 [Worker-1] DEBUG class java.lang.Class - Starting Andmore Device Services Plugin...
2016-11-08 11:29:42,729 [Worker-1] DEBUG class java.lang.Class - Andmore Device Services Plugin started.
2016-11-08 11:29:42,769 [Instance Event Manager] INFO  Studio for Android - The android device instance status was updated: Nexus_5_API_21 Status: OFF
2016-11-08 11:29:42,773 [Instance Event Manager] INFO  Studio for Android - The android device instance status was updated: Nexus_6_API_24 Status: OFF
2016-11-08 11:29:42,774 [Instance Event Manager] INFO  Studio for Android - The android device instance status was updated: Nexus_6P_API_24 Status: OFF
2016-11-08 11:29:42,774 [Instance Event Manager] INFO  Studio for Android - The android device instance status was updated: Nexus_5_API_23 Status: OFF
2016-11-08 11:29:42,777 [Instance Event Manager] INFO  Studio for Android - The android device instance status was updated: Nexus_5_API_21 Status: org.eclipse.andmore.android.emulator.status.notavailable
2016-11-08 11:29:42,777 [Instance Event Manager] INFO  Studio for Android - The android device instance status was updated: Nexus_6_API_24 Status: org.eclipse.andmore.android.emulator.status.notavailable
2016-11-08 11:29:42,777 [Instance Event Manager] INFO  Studio for Android - The android device instance status was updated: Nexus_6P_API_24 Status: org.eclipse.andmore.android.emulator.status.notavailable
2016-11-08 11:29:42,777 [Instance Event Manager] INFO  Studio for Android - The android device instance status was updated: Nexus_5_API_23 Status: org.eclipse.andmore.android.emulator.status.notavailable
2016-11-08 11:29:44,578 [Worker-3] DEBUG class org.eclipse.andmore.android.AndroidPlugin - Notify SDK loader listeners
2016-11-08 11:29:44,843 [Worker-1] ERROR Studio for Android - Handler could not be instanced(PLUGIN=org.eclipse.sequoyah.device.framework;ERROR=202)
2016-11-08 11:29:44,844 [Worker-1] ERROR Studio for Android - Handler could not be instanced(PLUGIN=org.eclipse.sequoyah.device.framework;ERROR=202)
2016-11-08 11:29:44,844 [Worker-1] ERROR Studio for Android - Handler could not be instanced(PLUGIN=org.eclipse.sequoyah.device.framework;ERROR=202)
2016-11-08 11:29:44,844 [Worker-1] ERROR Studio for Android - Handler could not be instanced(PLUGIN=org.eclipse.sequoyah.device.framework;ERROR=202)
2016-11-08 11:29:44,845 [Worker-1] ERROR Studio for Android - Handler could not be instanced(PLUGIN=org.eclipse.sequoyah.device.framework;ERROR=202)
2016-11-08 11:29:44,845 [Worker-1] ERROR Studio for Android - Handler could not be instanced(PLUGIN=org.eclipse.sequoyah.device.framework;ERROR=202)
2016-11-08 11:29:44,845 [Worker-1] ERROR Studio for Android - Handler could not be instanced(PLUGIN=org.eclipse.sequoyah.device.framework;ERROR=202)
2016-11-08 11:29:44,845 [Worker-1] ERROR Studio for Android - Handler could not be instanced(PLUGIN=org.eclipse.sequoyah.device.framework;ERROR=202)
2016-11-08 11:29:44,845 [Worker-1] ERROR Studio for Android - Handler could not be instanced(PLUGIN=org.eclipse.sequoyah.device.framework;ERROR=202)
2016-11-08 11:29:44,845 [Worker-1] ERROR Studio for Android - Handler could not be instanced(PLUGIN=org.eclipse.sequoyah.device.framework;ERROR=202)
2016-11-08 11:29:44,845 [Worker-1] ERROR Studio for Android - Handler could not be instanced(PLUGIN=org.eclipse.sequoyah.device.framework;ERROR=202)
2016-11-08 11:29:44,845 [Worker-1] ERROR Studio for Android - Handler could not be instanced(PLUGIN=org.eclipse.sequoyah.device.framework;ERROR=202)
2016-11-08 11:29:44,845 [Worker-1] ERROR Studio for Android - Handler could not be instanced(PLUGIN=org.eclipse.sequoyah.device.framework;ERROR=202)
2016-11-08 11:29:44,845 [Worker-1] ERROR Studio for Android - Handler could not be instanced(PLUGIN=org.eclipse.sequoyah.device.framework;ERROR=202)
2016-11-08 11:29:44,846 [Worker-1] ERROR Studio for Android - Handler could not be instanced(PLUGIN=org.eclipse.sequoyah.device.framework;ERROR=202)
2016-11-08 11:29:44,846 [Worker-1] ERROR Studio for Android - Handler could not be instanced(PLUGIN=org.eclipse.sequoyah.device.framework;ERROR=202)
2016-11-08 11:29:44,846 [Worker-1] ERROR Studio for Android - Handler could not be instanced(PLUGIN=org.eclipse.sequoyah.device.framework;ERROR=202)
2016-11-08 11:29:44,846 [Worker-1] ERROR Studio for Android - Handler could not be instanced(PLUGIN=org.eclipse.sequoyah.device.framework;ERROR=202)
2016-11-08 11:29:44,846 [Worker-1] ERROR Studio for Android - Handler could not be instanced(PLUGIN=org.eclipse.sequoyah.device.framework;ERROR=202)
2016-11-08 11:29:44,846 [Worker-1] ERROR Studio for Android - Handler could not be instanced(PLUGIN=org.eclipse.sequoyah.device.framework;ERROR=202)
2016-11-08 11:29:44,846 [Worker-1] ERROR Studio for Android - Handler could not be instanced(PLUGIN=org.eclipse.sequoyah.device.framework;ERROR=202)
2016-11-08 11:29:44,846 [Worker-1] ERROR Studio for Android - Handler could not be instanced(PLUGIN=org.eclipse.sequoyah.device.framework;ERROR=202)
2016-11-08 11:29:44,846 [Worker-1] ERROR Studio for Android - Handler could not be instanced(PLUGIN=org.eclipse.sequoyah.device.framework;ERROR=202)
2016-11-08 11:29:44,847 [Worker-1] ERROR Studio for Android - Handler could not be instanced(PLUGIN=org.eclipse.sequoyah.device.framework;ERROR=202)
2016-11-08 11:29:44,847 [Worker-1] ERROR Studio for Android - Handler could not be instanced(PLUGIN=org.eclipse.sequoyah.device.framework;ERROR=202)
2016-11-08 11:29:44,847 [Worker-1] ERROR Studio for Android - Handler could not be instanced(PLUGIN=org.eclipse.sequoyah.device.framework;ERROR=202)
2016-11-08 11:29:44,847 [Worker-1] ERROR Studio for Android - Handler could not be instanced(PLUGIN=org.eclipse.sequoyah.device.framework;ERROR=202)
2016-11-08 11:29:44,847 [Worker-1] ERROR Studio for Android - Handler could not be instanced(PLUGIN=org.eclipse.sequoyah.device.framework;ERROR=202)
2016-11-08 11:29:44,847 [Worker-1] ERROR Studio for Android - Handler could not be instanced(PLUGIN=org.eclipse.sequoyah.device.framework;ERROR=202)
2016-11-08 11:29:44,847 [Worker-1] ERROR Studio for Android - Handler could not be instanced(PLUGIN=org.eclipse.sequoyah.device.framework;ERROR=202)
2016-11-08 11:29:44,847 [Worker-1] INFO  Studio for Android - [Status: id=org.eclipse.andmore.android.emulator.status.offline;name=Offline]
2016-11-08 11:29:44,847 [Worker-1] INFO  Studio for Android - [Status: id=org.eclipse.andmore.android.handset.status.handsetonline;name=Online]
2016-11-08 11:29:44,847 [Worker-1] INFO  Studio for Android - [Status: id=INACTIVE;name=INACTIVE]
2016-11-08 11:29:44,847 [Worker-1] INFO  Studio for Android - [Status: id=org.eclipse.andmore.android.emulator.status.notavailable;name=Not available]
2016-11-08 11:29:44,847 [Worker-1] INFO  Studio for Android - [Status: id=IDLE;name=IDLE]
2016-11-08 11:29:44,847 [Worker-1] INFO  Studio for Android - [Status: id=org.eclipse.andmore.android.remote.status.connected;name=Connected]
2016-11-08 11:29:44,847 [Worker-1] INFO  Studio for Android - [Status: id=org.eclipse.andmore.android.remote.status.disconnected;name=Disconnected]
2016-11-08 11:29:44,847 [Worker-1] INFO  Studio for Android - [Status: id=org.eclipse.andmore.android.emulator.status.online;name=Online]
2016-11-08 11:29:44,847 [Worker-1] INFO  Studio for Android - [Status: id=OFF;name=OFF]
2016-11-08 11:29:44,851 [Worker-1] INFO  Studio for Android - [Status: id=org.eclipse.andmore.android.emulator.status.offlineNoData;name=Offline (no user data)]
2016-11-08 11:29:45,534 [Instance Event Manager] INFO  Studio for Android - The android device instance status was updated: Nexus_5_API_23 Status: org.eclipse.andmore.android.emulator.status.offline
2016-11-08 11:29:45,536 [Instance Event Manager] INFO  Studio for Android - The android device instance status was updated: Nexus_5_API_21 Status: org.eclipse.andmore.android.emulator.status.offline
2016-11-08 11:42:02,397 [ModalContext] ERROR Studio for Android - org.eclipse.sequoyah.localization.tools.managers.LocalizationManager: Error getting Localization Schema
2016-11-08 11:42:02,397 [ModalContext] ERROR Studio for Android - org.eclipse.sequoyah.localization.tools.managers.LocalizationManager: Error getting Localization Schema
2016-11-08 11:42:02,397 [ModalContext] ERROR Studio for Android - org.eclipse.sequoyah.localization.tools.managers.LocalizationManager: Error getting Localization Schema
2016-11-08 11:42:02,397 [ModalContext] ERROR Studio for Android - org.eclipse.sequoyah.localization.tools.managers.LocalizationManager: Error getting Localization Schema
2016-11-08 11:42:02,397 [ModalContext] ERROR Studio for Android - org.eclipse.sequoyah.localization.tools.managers.LocalizationManager: Error getting Localization Schema
2016-11-08 11:42:02,397 [ModalContext] ERROR Studio for Android - org.eclipse.sequoyah.localization.tools.managers.LocalizationManager: Error getting Localization Schema
2016-11-08 11:42:02,398 [ModalContext] ERROR Studio for Android - org.eclipse.sequoyah.localization.tools.managers.LocalizationManager: Error getting Localization Schema
2016-11-08 11:42:02,398 [ModalContext] ERROR Studio for Android - org.eclipse.sequoyah.localization.tools.managers.LocalizationManager: Error getting Localization Schema
2016-11-08 11:42:02,398 [ModalContext] ERROR Studio for Android - org.eclipse.sequoyah.localization.tools.managers.LocalizationManager: Error getting Localization Schema
2016-11-08 11:42:02,398 [ModalContext] ERROR Studio for Android - org.eclipse.sequoyah.localization.tools.managers.LocalizationManager: Error getting Localization Schema
2016-11-08 11:42:02,398 [ModalContext] ERROR Studio for Android - org.eclipse.sequoyah.localization.tools.managers.LocalizationManager: Error getting Localization Schema
2016-11-08 11:42:02,398 [ModalContext] ERROR Studio for Android - org.eclipse.sequoyah.localization.tools.managers.LocalizationManager: Error getting Localization Schema
2016-11-08 11:42:02,398 [ModalContext] ERROR Studio for Android - org.eclipse.sequoyah.localization.tools.managers.LocalizationManager: Error getting Localization Schema
2016-11-08 11:42:02,398 [ModalContext] ERROR Studio for Android - org.eclipse.sequoyah.localization.tools.managers.LocalizationManager: Error getting Localization Schema
2016-11-08 11:42:02,398 [ModalContext] ERROR Studio for Android - org.eclipse.sequoyah.localization.tools.managers.LocalizationManager: Error getting Localization Schema
2016-11-08 11:42:02,398 [ModalContext] ERROR Studio for Android - org.eclipse.sequoyah.localization.tools.managers.LocalizationManager: Error getting Localization Schema
2016-11-08 11:42:02,398 [ModalContext] ERROR Studio for Android - org.eclipse.sequoyah.localization.tools.managers.LocalizationManager: Error getting Localization Schema
2016-11-08 11:42:02,398 [ModalContext] ERROR Studio for Android - org.eclipse.sequoyah.localization.tools.managers.LocalizationManager: Error getting Localization Schema
2016-11-08 11:42:02,398 [ModalContext] ERROR Studio for Android - org.eclipse.sequoyah.localization.tools.managers.LocalizationManager: Error getting Localization Schema
2016-11-08 11:42:02,398 [ModalContext] ERROR Studio for Android - org.eclipse.sequoyah.localization.tools.managers.LocalizationManager: Error getting Localization Schema
2016-11-08 11:42:02,398 [ModalContext] ERROR Studio for Android - org.eclipse.sequoyah.localization.tools.managers.LocalizationManager: Error getting Localization Schema
2016-11-08 11:42:02,398 [ModalContext] ERROR Studio for Android - org.eclipse.sequoyah.localization.tools.managers.LocalizationManager: Error getting Localization Schema
2016-11-08 11:42:02,398 [ModalContext] ERROR Studio for Android - org.eclipse.sequoyah.localization.tools.managers.LocalizationManager: Error getting Localization Schema
2016-11-08 11:42:02,398 [ModalContext] ERROR Studio for Android - org.eclipse.sequoyah.localization.tools.managers.LocalizationManager: Error getting Localization Schema
2016-11-08 11:42:02,398 [ModalContext] ERROR Studio for Android - org.eclipse.sequoyah.localization.tools.managers.LocalizationManager: Error getting Localization Schema
2016-11-08 11:42:02,398 [ModalContext] ERROR Studio for Android - org.eclipse.sequoyah.localization.tools.managers.LocalizationManager: Error getting Localization Schema
2016-11-08 11:42:02,398 [ModalContext] ERROR Studio for Android - org.eclipse.sequoyah.localization.tools.managers.LocalizationManager: Error getting Localization Schema
2016-11-08 11:49:02,008 [main] DEBUG class java.lang.Class - Starting Eclipse Andmore Database Core Plugin...
2016-11-08 11:49:02,039 [main] DEBUG Studio for Android - JDBC Driver Location:bundleentry://69.fwk280862192/res/androidjdbc.jar JDBC Driver getBundle().getLocation():reference:file:plugins/org.eclipse.andmore.android.common_0.5.0.201605181018.jar
2016-11-08 11:49:02,039 [main] DEBUG Studio for Android - JDBC Driver Path:/Users/AviPriya/.eclipse/org.eclipse.platform_4.7.0_855441236_macosx_cocoa_x86_64/configuration/org.eclipse.osgi/69/0/.cp/res/androidjdbc.jar
2016-11-08 11:49:02,039 [main] DEBUG Studio for Android - JDBC Driver Location:bundleentry://69.fwk280862192/res/androidjdbc.jar JDBC Driver getBundle().getLocation():reference:file:plugins/org.eclipse.andmore.android.common_0.5.0.201605181018.jar
2016-11-08 11:49:02,039 [main] DEBUG Studio for Android - JDBC Driver Path:/Users/AviPriya/.eclipse/org.eclipse.platform_4.7.0_855441236_macosx_cocoa_x86_64/configuration/org.eclipse.osgi/69/0/.cp/res/androidjdbc.jar
2016-11-08 11:49:02,045 [main] DEBUG class java.lang.Class - Eclipse Andmore Database Core Plugin started.
2016-11-08 11:49:02,046 [main] DEBUG class java.lang.Class - Starting Eclipse Andmore Database Devices Support Plugin...
2016-11-08 11:49:02,048 [main] DEBUG class java.lang.Class - Eclipse Andmore Database Devices Support Plugin started...
2016-11-08 11:49:02,897 [Framework stop] DEBUG Studio for Android - org.eclipse.sequoyah.device.service.start.StartServicePlugin-SHUTDOWN
2016-11-08 11:49:02,907 [Framework stop] DEBUG Studio for Android - org.eclipse.sequoyah.device.framework.ui.DeviceUIPlugin-SHUTDOWN
2016-11-08 11:49:02,907 [Framework stop] DEBUG Studio for Android - org.eclipse.sequoyah.device.service.stop.StopServicePlugin-SHUTDOWN
2016-11-08 11:49:02,907 [Framework stop] DEBUG Studio for Android - org.eclipse.sequoyah.device.framework.DevicePlugin-SHUTDOWN
2016-11-08 11:49:21,761 [Worker-20] DEBUG class java.lang.Class - Starting Andmore Common Plugin...
2016-11-08 11:49:21,761 [Worker-20] DEBUG class java.lang.Class - Andmore Common Plugin started.
2016-11-08 11:49:21,762 [Worker-20] DEBUG class java.lang.Class - Starting Andmore Plugin...
2016-11-08 11:49:21,768 [Worker-20] DEBUG class java.lang.Class - Andmore Plugin started.
2016-11-08 11:49:21,790 [Worker-20] DEBUG class java.lang.Class - Starting Andmore Emulator Plugin...
2016-11-08 11:49:21,813 [Worker-20] DEBUG class java.lang.Class - Andmore Emulator Plugin started.
2016-11-08 11:49:21,845 [Worker-20] DEBUG class java.lang.Class - Starting Andmore Handset Plugin...
2016-11-08 11:49:21,845 [Worker-20] DEBUG class java.lang.Class - Andmore Handset Plugin started.
2016-11-08 11:49:21,850 [Worker-20] DEBUG class java.lang.Class - Starting Andmore Remote Device Plugin...
2016-11-08 11:49:21,851 [Worker-20] DEBUG class java.lang.Class - Starting Andmore Remote Device Plugin started.
2016-11-08 11:49:21,862 [Worker-20] DEBUG class java.lang.Class - Starting Andmore Device Services Plugin...
2016-11-08 11:49:21,862 [Worker-20] DEBUG class java.lang.Class - Andmore Device Services Plugin started.
2016-11-08 11:49:21,909 [Instance Event Manager] INFO  Studio for Android - The android device instance status was updated: Nexus_5_API_21 Status: OFF
2016-11-08 11:49:21,910 [Instance Event Manager] INFO  Studio for Android - The android device instance status was updated: Nexus_6_API_24 Status: OFF
2016-11-08 11:49:21,911 [Instance Event Manager] INFO  Studio for Android - The android device instance status was updated: Nexus_6P_API_24 Status: OFF
2016-11-08 11:49:21,913 [Instance Event Manager] INFO  Studio for Android - The android device instance status was updated: Nexus_5_API_23 Status: OFF
2016-11-08 11:49:21,916 [Instance Event Manager] INFO  Studio for Android - The android device instance status was updated: Nexus_5_API_21 Status: org.eclipse.andmore.android.emulator.status.notavailable
2016-11-08 11:49:21,916 [Instance Event Manager] INFO  Studio for Android - The android device instance status was updated: Nexus_6_API_24 Status: org.eclipse.andmore.android.emulator.status.notavailable
2016-11-08 11:49:21,916 [Instance Event Manager] INFO  Studio for Android - The android device instance status was updated: Nexus_6P_API_24 Status: org.eclipse.andmore.android.emulator.status.notavailable
2016-11-08 11:49:21,916 [Instance Event Manager] INFO  Studio for Android - The android device instance status was updated: Nexus_5_API_23 Status: org.eclipse.andmore.android.emulator.status.notavailable
2016-11-08 11:49:23,793 [Worker-21] DEBUG class org.eclipse.andmore.android.AndroidPlugin - Notify SDK loader listeners
2016-11-08 11:49:24,121 [Worker-20] ERROR Studio for Android - Handler could not be instanced(PLUGIN=org.eclipse.sequoyah.device.framework;ERROR=202)
2016-11-08 11:49:24,125 [Worker-20] ERROR Studio for Android - Handler could not be instanced(PLUGIN=org.eclipse.sequoyah.device.framework;ERROR=202)
2016-11-08 11:49:24,125 [Worker-20] ERROR Studio for Android - Handler could not be instanced(PLUGIN=org.eclipse.sequoyah.device.framework;ERROR=202)
2016-11-08 11:49:24,125 [Worker-20] ERROR Studio for Android - Handler could not be instanced(PLUGIN=org.eclipse.sequoyah.device.framework;ERROR=202)
2016-11-08 11:49:24,125 [Worker-20] ERROR Studio for Android - Handler could not be instanced(PLUGIN=org.eclipse.sequoyah.device.framework;ERROR=202)
2016-11-08 11:49:24,125 [Worker-20] ERROR Studio for Android - Handler could not be instanced(PLUGIN=org.eclipse.sequoyah.device.framework;ERROR=202)
2016-11-08 11:49:24,127 [Worker-20] ERROR Studio for Android - Handler could not be instanced(PLUGIN=org.eclipse.sequoyah.device.framework;ERROR=202)
2016-11-08 11:49:24,130 [Worker-20] ERROR Studio for Android - Handler could not be instanced(PLUGIN=org.eclipse.sequoyah.device.framework;ERROR=202)
2016-11-08 11:49:24,130 [Worker-20] ERROR Studio for Android - Handler could not be instanced(PLUGIN=org.eclipse.sequoyah.device.framework;ERROR=202)
2016-11-08 11:49:24,130 [Worker-20] ERROR Studio for Android - Handler could not be instanced(PLUGIN=org.eclipse.sequoyah.device.framework;ERROR=202)
2016-11-08 11:49:24,131 [Worker-20] ERROR Studio for Android - Handler could not be instanced(PLUGIN=org.eclipse.sequoyah.device.framework;ERROR=202)
2016-11-08 11:49:24,131 [Worker-20] ERROR Studio for Android - Handler could not be instanced(PLUGIN=org.eclipse.sequoyah.device.framework;ERROR=202)
2016-11-08 11:49:24,131 [Worker-20] ERROR Studio for Android - Handler could not be instanced(PLUGIN=org.eclipse.sequoyah.device.framework;ERROR=202)
2016-11-08 11:49:24,131 [Worker-20] ERROR Studio for Android - Handler could not be instanced(PLUGIN=org.eclipse.sequoyah.device.framework;ERROR=202)
2016-11-08 11:49:24,131 [Worker-20] ERROR Studio for Android - Handler could not be instanced(PLUGIN=org.eclipse.sequoyah.device.framework;ERROR=202)
2016-11-08 11:49:24,131 [Worker-20] ERROR Studio for Android - Handler could not be instanced(PLUGIN=org.eclipse.sequoyah.device.framework;ERROR=202)
2016-11-08 11:49:24,131 [Worker-20] ERROR Studio for Android - Handler could not be instanced(PLUGIN=org.eclipse.sequoyah.device.framework;ERROR=202)
2016-11-08 11:49:24,131 [Worker-20] ERROR Studio for Android - Handler could not be instanced(PLUGIN=org.eclipse.sequoyah.device.framework;ERROR=202)
2016-11-08 11:49:24,132 [Worker-20] ERROR Studio for Android - Handler could not be instanced(PLUGIN=org.eclipse.sequoyah.device.framework;ERROR=202)
2016-11-08 11:49:24,132 [Worker-20] ERROR Studio for Android - Handler could not be instanced(PLUGIN=org.eclipse.sequoyah.device.framework;ERROR=202)
2016-11-08 11:49:24,132 [Worker-20] ERROR Studio for Android - Handler could not be instanced(PLUGIN=org.eclipse.sequoyah.device.framework;ERROR=202)
2016-11-08 11:49:24,132 [Worker-20] ERROR Studio for Android - Handler could not be instanced(PLUGIN=org.eclipse.sequoyah.device.framework;ERROR=202)
2016-11-08 11:49:24,132 [Worker-20] ERROR Studio for Android - Handler could not be instanced(PLUGIN=org.eclipse.sequoyah.device.framework;ERROR=202)
2016-11-08 11:49:24,132 [Worker-20] ERROR Studio for Android - Handler could not be instanced(PLUGIN=org.eclipse.sequoyah.device.framework;ERROR=202)
2016-11-08 11:49:24,132 [Worker-20] ERROR Studio for Android - Handler could not be instanced(PLUGIN=org.eclipse.sequoyah.device.framework;ERROR=202)
2016-11-08 11:49:24,132 [Worker-20] ERROR Studio for Android - Handler could not be instanced(PLUGIN=org.eclipse.sequoyah.device.framework;ERROR=202)
2016-11-08 11:49:24,132 [Worker-20] ERROR Studio for Android - Handler could not be instanced(PLUGIN=org.eclipse.sequoyah.device.framework;ERROR=202)
2016-11-08 11:49:24,132 [Worker-20] ERROR Studio for Android - Handler could not be instanced(PLUGIN=org.eclipse.sequoyah.device.framework;ERROR=202)
2016-11-08 11:49:24,133 [Worker-20] ERROR Studio for Android - Handler could not be instanced(PLUGIN=org.eclipse.sequoyah.device.framework;ERROR=202)
2016-11-08 11:49:24,133 [Worker-20] ERROR Studio for Android - Handler could not be instanced(PLUGIN=org.eclipse.sequoyah.device.framework;ERROR=202)
2016-11-08 11:49:24,133 [Worker-20] INFO  Studio for Android - [Status: id=org.eclipse.andmore.android.emulator.status.offline;name=Offline]
2016-11-08 11:49:24,133 [Worker-20] INFO  Studio for Android - [Status: id=org.eclipse.andmore.android.handset.status.handsetonline;name=Online]
2016-11-08 11:49:24,133 [Worker-20] INFO  Studio for Android - [Status: id=INACTIVE;name=INACTIVE]
2016-11-08 11:49:24,133 [Worker-20] INFO  Studio for Android - [Status: id=org.eclipse.andmore.android.emulator.status.notavailable;name=Not available]
2016-11-08 11:49:24,133 [Worker-20] INFO  Studio for Android - [Status: id=IDLE;name=IDLE]
2016-11-08 11:49:24,133 [Worker-20] INFO  Studio for Android - [Status: id=org.eclipse.andmore.android.remote.status.connected;name=Connected]
2016-11-08 11:49:24,133 [Worker-20] INFO  Studio for Android - [Status: id=org.eclipse.andmore.android.remote.status.disconnected;name=Disconnected]
2016-11-08 11:49:24,133 [Worker-20] INFO  Studio for Android - [Status: id=org.eclipse.andmore.android.emulator.status.online;name=Online]
2016-11-08 11:49:24,133 [Worker-20] INFO  Studio for Android - [Status: id=OFF;name=OFF]
2016-11-08 11:49:24,133 [Worker-20] INFO  Studio for Android - [Status: id=org.eclipse.andmore.android.emulator.status.offlineNoData;name=Offline (no user data)]
2016-11-08 11:49:24,419 [Instance Event Manager] INFO  Studio for Android - The android device instance status was updated: Nexus_5_API_23 Status: org.eclipse.andmore.android.emulator.status.offline
2016-11-08 11:49:24,854 [Instance Event Manager] INFO  Studio for Android - The android device instance status was updated: Nexus_5_API_21 Status: org.eclipse.andmore.android.emulator.status.offline
2016-11-08 11:50:52,415 [main] DEBUG class java.lang.Class - Starting Eclipse Andmore Database Core Plugin...
2016-11-08 11:50:52,456 [main] DEBUG Studio for Android - JDBC Driver Location:bundleentry://69.fwk280862192/res/androidjdbc.jar JDBC Driver getBundle().getLocation():reference:file:plugins/org.eclipse.andmore.android.common_0.5.0.201605181018.jar
2016-11-08 11:50:52,457 [main] DEBUG Studio for Android - JDBC Driver Path:/Users/AviPriya/.eclipse/org.eclipse.platform_4.7.0_855441236_macosx_cocoa_x86_64/configuration/org.eclipse.osgi/69/0/.cp/res/androidjdbc.jar
2016-11-08 11:50:52,457 [main] DEBUG Studio for Android - JDBC Driver Location:bundleentry://69.fwk280862192/res/androidjdbc.jar JDBC Driver getBundle().getLocation():reference:file:plugins/org.eclipse.andmore.android.common_0.5.0.201605181018.jar
2016-11-08 11:50:52,457 [main] DEBUG Studio for Android - JDBC Driver Path:/Users/AviPriya/.eclipse/org.eclipse.platform_4.7.0_855441236_macosx_cocoa_x86_64/configuration/org.eclipse.osgi/69/0/.cp/res/androidjdbc.jar
2016-11-08 11:50:52,464 [main] DEBUG class java.lang.Class - Eclipse Andmore Database Core Plugin started.
2016-11-08 11:50:52,465 [main] DEBUG class java.lang.Class - Starting Eclipse Andmore Database Devices Support Plugin...
2016-11-08 11:50:52,467 [main] DEBUG class java.lang.Class - Eclipse Andmore Database Devices Support Plugin started...
2016-11-08 11:50:53,430 [Framework stop] DEBUG Studio for Android - org.eclipse.sequoyah.device.service.start.StartServicePlugin-SHUTDOWN
2016-11-08 11:50:53,443 [Framework stop] DEBUG Studio for Android - org.eclipse.sequoyah.device.framework.ui.DeviceUIPlugin-SHUTDOWN
2016-11-08 11:50:53,443 [Framework stop] DEBUG Studio for Android - org.eclipse.sequoyah.device.service.stop.StopServicePlugin-SHUTDOWN
2016-11-08 11:50:53,443 [Framework stop] DEBUG Studio for Android - org.eclipse.sequoyah.device.framework.DevicePlugin-SHUTDOWN
