2016-11-08 11:17:46,992 [Worker-0] INFO  c.g.t.t.d.PublishedGradleVersions - Gradle version information cache is up-to-date. Trying to read.
2016-11-08 11:24:39,295 [Worker-4] INFO  c.g.t.t.d.PublishedGradleVersions - Gradle version information cache is up-to-date. Trying to read.
2016-11-08 11:29:42,168 [Worker-3] INFO  c.g.t.t.d.PublishedGradleVersions - Gradle version information cache is up-to-date. Trying to read.
2016-11-08 11:36:42,885 [Worker-13] INFO  o.e.m.c.i.p.ProjectConfigurationManager - Collecting project info '/pom.xml' /Users/AviPriya/EclipseWorkSpace/Appium/pom.xml
2016-11-08 11:36:44,396 [Worker-13] INFO  o.e.m.c.i.l.LifecycleMappingFactory - Using org.eclipse.m2e.jdt.JarLifecycleMapping lifecycle mapping for MavenProject: AppiumTesting:Appium:0.0.1-SNAPSHOT @ /Users/AviPriya/EclipseWorkSpace/Appium/pom.xml.
2016-11-08 11:36:45,138 [Worker-13] INFO  o.e.m.j.i.AbstractJavaProjectConfigurator - Adding source folder /Appium/src/main/java
2016-11-08 11:36:45,141 [Worker-13] INFO  o.e.m.j.i.AbstractJavaProjectConfigurator - Adding source folder /Appium/src/test/java
2016-11-08 11:36:45,279 [Worker-13] INFO  o.e.m.c.i.p.ProjectConfigurationManager - Imported and configured 1 project(s) in 2 sec
2016-11-08 11:36:46,131 [Worker-10] INFO  o.e.m.c.i.embedder.EclipseLogger - Using 'UTF-8' encoding to copy filtered resources.
2016-11-08 11:36:46,131 [Worker-10] INFO  o.e.m.c.i.embedder.EclipseLogger - skip non existing resourceDirectory /Users/AviPriya/EclipseWorkSpace/Appium/src/main/resources
2016-11-08 11:36:46,135 [Worker-10] INFO  o.e.m.c.i.embedder.EclipseLogger - Using 'UTF-8' encoding to copy filtered resources.
2016-11-08 11:36:46,135 [Worker-10] INFO  o.e.m.c.i.embedder.EclipseLogger - skip non existing resourceDirectory /Users/AviPriya/EclipseWorkSpace/Appium/src/test/resources
2016-11-08 11:45:32,748 [Worker-1] INFO  o.e.m.c.i.p.ProjectConfigurationManager - Collecting project info '/pom.xml' /Users/AviPriya/EclipseWorkSpace/AppiumTestingFinal/pom.xml
2016-11-08 11:45:33,276 [Worker-1] INFO  o.e.m.c.i.l.LifecycleMappingFactory - Using org.eclipse.m2e.jdt.JarLifecycleMapping lifecycle mapping for MavenProject: AppiumTestingFinal:AppiumTestingFinal:0.0.1-SNAPSHOT @ /Users/AviPriya/EclipseWorkSpace/AppiumTestingFinal/pom.xml.
2016-11-08 11:45:33,449 [Worker-1] INFO  o.e.m.j.i.AbstractJavaProjectConfigurator - Adding source folder /AppiumTestingFinal/src/main/java
2016-11-08 11:45:33,452 [Worker-1] INFO  o.e.m.j.i.AbstractJavaProjectConfigurator - Adding source folder /AppiumTestingFinal/src/test/java
2016-11-08 11:45:33,495 [Worker-1] INFO  o.e.m.c.i.p.ProjectConfigurationManager - Imported and configured 1 project(s) in 0 sec
2016-11-08 11:45:33,710 [Worker-18] INFO  o.e.m.c.i.embedder.EclipseLogger - Using 'UTF-8' encoding to copy filtered resources.
2016-11-08 11:45:33,710 [Worker-18] INFO  o.e.m.c.i.embedder.EclipseLogger - skip non existing resourceDirectory /Users/AviPriya/EclipseWorkSpace/AppiumTestingFinal/src/main/resources
2016-11-08 11:45:33,714 [Worker-18] INFO  o.e.m.c.i.embedder.EclipseLogger - Using 'UTF-8' encoding to copy filtered resources.
2016-11-08 11:45:33,714 [Worker-18] INFO  o.e.m.c.i.embedder.EclipseLogger - skip non existing resourceDirectory /Users/AviPriya/EclipseWorkSpace/AppiumTestingFinal/src/test/resources
2016-11-08 11:49:20,024 [Worker-3] INFO  c.g.t.t.d.PublishedGradleVersions - Gradle version information cache is up-to-date. Trying to read.
2016-11-08 11:50:39,334 [Worker-7] INFO  o.e.m.c.i.embedder.EclipseLogger - Using 'UTF-8' encoding to copy filtered resources.
2016-11-08 11:50:39,334 [Worker-7] INFO  o.e.m.c.i.embedder.EclipseLogger - skip non existing resourceDirectory /Users/AviPriya/EclipseWorkSpace/AppiumTestingFinal/src/main/resources
2016-11-08 11:50:39,338 [Worker-7] INFO  o.e.m.c.i.embedder.EclipseLogger - Using 'UTF-8' encoding to copy filtered resources.
2016-11-08 11:50:39,338 [Worker-7] INFO  o.e.m.c.i.embedder.EclipseLogger - skip non existing resourceDirectory /Users/AviPriya/EclipseWorkSpace/AppiumTestingFinal/src/test/resources
